{"C:\\Users\\Виталий\\Desktop\\AJS6-2\\src\\destruct.js": {"path":"C:\\Users\\Виталий\\Desktop\\AJS6-2\\src\\destruct.js","statementMap":{"0":{"start":{"line":2,"column":16},"end":{"line":2,"column":18}},"1":{"start":{"line":4,"column":4},"end":{"line":7,"column":7}},"2":{"start":{"line":5,"column":68},"end":{"line":5,"column":72}},"3":{"start":{"line":6,"column":6},"end":{"line":6,"column":46}},"4":{"start":{"line":8,"column":4},"end":{"line":8,"column":15}}},"fnMap":{"0":{"name":"getProp","decl":{"start":{"line":1,"column":24},"end":{"line":1,"column":31}},"loc":{"start":{"line":1,"column":37},"end":{"line":9,"column":3}},"line":1},"1":{"name":"(anonymous_1)","decl":{"start":{"line":4,"column":24},"end":{"line":4,"column":25}},"loc":{"start":{"line":4,"column":34},"end":{"line":7,"column":5}},"line":4}},"branchMap":{"0":{"loc":{"start":{"line":5,"column":29},"end":{"line":5,"column":64}},"type":"default-arg","locations":[{"start":{"line":5,"column":43},"end":{"line":5,"column":64}}],"line":5}},"s":{"0":1,"1":1,"2":2,"3":2,"4":1},"f":{"0":1,"1":2},"b":{"0":[1]},"_coverageSchema":"1a1c01bbd47fc00a2c39e90264f33305004495a9","hash":"30204ad07c90d340e835b7b3aef148d5669acdbb"}
}
